<?xml version="1.0" encoding="UTF-8"?>
<!-- Generated by org.testng.reporters.JUnitReportReporter -->
<testsuite skipped="0" hostname="rajkumar" name="Academy.validateNavigationBar" tests="1" failures="0" timestamp="27 Sep 2020 20:16:25 GMT" time="3.496" errors="0">
  <testcase name="validateAppNavBar" time="3.496" classname="Academy.validateNavigationBar"/>
</testsuite> <!-- Academy.validateNavigationBar -->
