<?xml version="1.0" encoding="UTF-8"?>
<!-- Generated by org.testng.reporters.JUnitReportReporter -->
<testsuite skipped="0" hostname="rajkumar" name="Academy.HomePage" tests="2" failures="0" timestamp="27 Sep 2020 20:16:25 GMT" time="59.332" errors="0">
  <testcase name="basePageNavigation" time="9.136" classname="Academy.HomePage"/>
  <testcase name="basePageNavigation" time="50.196" classname="Academy.HomePage"/>
</testsuite> <!-- Academy.HomePage -->
